<?xml version="1.0" encoding="UTF-8"?>
<testsuite name="com.mycompany.myapp.SrikanthMaven.PhoneAppTest" time="4.336" tests="1" errors="1" skipped="0" failures="0">
  <properties>
[...]
</properties>
  <testcase name="dragDropTest" classname="com.mycompany.myapp.SrikanthMaven.PhoneAppTest" time="4.336">
    <error message="Could not start a new session. Possible causes are invalid address of the remote server or browser start-up failure.&#10;Build info: version: &apos;2.44.0&apos;, revision: &apos;76d78cf323ce037c5f92db6c1bba601c2ac43ad8&apos;, time: &apos;2014-10-23 13:11:40&apos;&#10;System info: host: &apos;homayoun&apos;, ip: &apos;192.168.81.1&apos;, os.name: &apos;Windows 8&apos;, os.arch: &apos;amd64&apos;, os.version: &apos;6.2&apos;, java.version: &apos;1.7.0_51&apos;&#10;Driver info: driver.version: AndroidDriver" type="org.openqa.selenium.remote.UnreachableBrowserException"><![CDATA[org.openqa.selenium.remote.UnreachableBrowserException: Could not start a new session. Possible causes are invalid address of the remote server or browser start-up failure.
Build info: version: '2.44.0', revision: '76d78cf323ce037c5f92db6c1bba601c2ac43ad8', time: '2014-10-23 13:11:40'
System info: host: 'homayoun', ip: '192.168.81.1', os.name: 'Windows 8', os.arch: 'amd64', os.version: '6.2', java.version: '1.7.0_51'
Driver info: driver.version: AndroidDriver
	at java.net.DualStackPlainSocketImpl.waitForConnect(Native Method)
	at java.net.DualStackPlainSocketImpl.socketConnect(DualStackPlainSocketImpl.java:85)
	at java.net.AbstractPlainSocketImpl.doConnect(AbstractPlainSocketImpl.java:339)
	at java.net.AbstractPlainSocketImpl.connectToAddress(AbstractPlainSocketImpl.java:200)
	at java.net.AbstractPlainSocketImpl.connect(AbstractPlainSocketImpl.java:182)
	at java.net.PlainSocketImpl.connect(PlainSocketImpl.java:172)
	at java.net.SocksSocketImpl.connect(SocksSocketImpl.java:392)
	at java.net.Socket.connect(Socket.java:579)
	at org.apache.http.conn.socket.PlainConnectionSocketFactory.connectSocket(PlainConnectionSocketFactory.java:72)
	at org.apache.http.impl.conn.HttpClientConnectionOperator.connect(HttpClientConnectionOperator.java:117)
	at org.apache.http.impl.conn.PoolingHttpClientConnectionManager.connect(PoolingHttpClientConnectionManager.java:314)
	at org.apache.http.impl.execchain.MainClientExec.establishRoute(MainClientExec.java:363)
	at org.apache.http.impl.execchain.MainClientExec.execute(MainClientExec.java:219)
	at org.apache.http.impl.execchain.ProtocolExec.execute(ProtocolExec.java:195)
	at org.apache.http.impl.execchain.RetryExec.execute(RetryExec.java:86)
	at org.apache.http.impl.execchain.RedirectExec.execute(RedirectExec.java:108)
	at org.apache.http.impl.client.InternalHttpClient.doExecute(InternalHttpClient.java:186)
	at org.apache.http.impl.client.CloseableHttpClient.execute(CloseableHttpClient.java:72)
	at org.apache.http.impl.client.CloseableHttpClient.execute(CloseableHttpClient.java:57)
	at org.openqa.selenium.remote.HttpCommandExecutor.fallBackExecute(HttpCommandExecutor.java:215)
	at org.openqa.selenium.remote.HttpCommandExecutor.execute(HttpCommandExecutor.java:184)
	at org.openqa.selenium.remote.RemoteWebDriver.execute(RemoteWebDriver.java:572)
	at io.appium.java_client.AppiumDriver.execute(AppiumDriver.java:180)
	at org.openqa.selenium.remote.RemoteWebDriver.startSession(RemoteWebDriver.java:240)
	at org.openqa.selenium.remote.RemoteWebDriver.<init>(RemoteWebDriver.java:126)
	at org.openqa.selenium.remote.RemoteWebDriver.<init>(RemoteWebDriver.java:153)
	at io.appium.java_client.AppiumDriver.<init>(AppiumDriver.java:109)
	at io.appium.java_client.android.AndroidDriver.<init>(AndroidDriver.java:39)
	at com.mycompany.myapp.SrikanthMaven.PhoneAppTest.startUp(PhoneAppTest.java:33)
]]></error>
  </testcase>
</testsuite>